d:\学习\数据结构\哈夫曼编码\project1\debug\vc142.pdb
d:\学习\数据结构\哈夫曼编码\project1\debug\vc142.idb
d:\学习\数据结构\哈夫曼编码\project1\debug\源.obj
d:\学习\数据结构\哈夫曼编码\project1\debug\源1.obj
d:\学习\数据结构\哈夫曼编码\project1\debug\seqstack.obj
d:\学习\数据结构\哈夫曼编码\project1\debug\huff.obj
d:\学习\数据结构\哈夫曼编码\project1\debug\project1.exe
d:\学习\数据结构\哈夫曼编码\project1\debug\project1.ilk
d:\学习\数据结构\哈夫曼编码\project1\debug\project1.pdb
d:\学习\数据结构\哈夫曼编码\project1\debug\源.obj.enc
d:\学习\数据结构\哈夫曼编码\project1\debug\project1.tlog\cl.command.1.tlog
d:\学习\数据结构\哈夫曼编码\project1\debug\project1.tlog\cl.read.1.tlog
d:\学习\数据结构\哈夫曼编码\project1\debug\project1.tlog\cl.write.1.tlog
d:\学习\数据结构\哈夫曼编码\project1\debug\project1.tlog\link-cvtres.read.1.tlog
d:\学习\数据结构\哈夫曼编码\project1\debug\project1.tlog\link-cvtres.write.1.tlog
d:\学习\数据结构\哈夫曼编码\project1\debug\project1.tlog\link-rc.read.1.tlog
d:\学习\数据结构\哈夫曼编码\project1\debug\project1.tlog\link-rc.write.1.tlog
d:\学习\数据结构\哈夫曼编码\project1\debug\project1.tlog\link.8520-cvtres.read.1.tlog
d:\学习\数据结构\哈夫曼编码\project1\debug\project1.tlog\link.8520-cvtres.write.1.tlog
d:\学习\数据结构\哈夫曼编码\project1\debug\project1.tlog\link.8520-rc.read.1.tlog
d:\学习\数据结构\哈夫曼编码\project1\debug\project1.tlog\link.8520-rc.write.1.tlog
d:\学习\数据结构\哈夫曼编码\project1\debug\project1.tlog\link.8520.read.1.tlog
d:\学习\数据结构\哈夫曼编码\project1\debug\project1.tlog\link.8520.write.1.tlog
d:\学习\数据结构\哈夫曼编码\project1\debug\project1.tlog\link.command.1.tlog
d:\学习\数据结构\哈夫曼编码\project1\debug\project1.tlog\link.read.1.tlog
d:\学习\数据结构\哈夫曼编码\project1\debug\project1.tlog\link.write.1.tlog
